ERROR: LoadError: ArgumentError: Package CRFer does not have Statistics in its dependencies:
- You may have a partially installed environment. Try `Pkg.instantiate()`
  to ensure all packages in the environment are installed.
- Or, if you have CRFer checked out for development and have
  added Statistics as a dependency but haven't updated your primary
  environment's manifest file, try `Pkg.resolve()`.
- Otherwise you may need to report an issue with CRFer
Stacktrace:
 [1] macro expansion
   @ ./loading.jl:1167 [inlined]
 [2] macro expansion
   @ ./lock.jl:223 [inlined]
 [3] require(into::Module, mod::Symbol)
   @ Base ./loading.jl:1144
 [4] include(mod::Module, _path::String)
   @ Base ./Base.jl:419
 [5] include(x::String)
   @ CRFer ~/Documents/CRFer.jl/src/CRFer.jl:1
 [6] top-level scope
   @ ~/Documents/CRFer.jl/src/CRFer.jl:8
 [7] include
   @ ./Base.jl:419 [inlined]
 [8] include_package_for_output(pkg::Base.PkgId, input::String, depot_path::Vector{String}, dl_load_path::Vector{String}, load_path::Vector{String}, concrete_deps::Vector{Pair{Base.PkgId, UInt64}}, source::String)
   @ Base ./loading.jl:1554
 [9] top-level scope
   @ stdin:1
in expression starting at /Users/dansprague/Documents/CRFer.jl/src/utils.jl:1
in expression starting at /Users/dansprague/Documents/CRFer.jl/src/CRFer.jl:1
in expression starting at stdin:1
ERROR: LoadError: Failed to precompile CRFer [5c2b628f-89db-40c9-bba5-f6a920d2abe1] to /Users/dansprague/.julia/compiled/v1.8/CRFer/jl_qw60ws.
Stacktrace:
  [1] error(s::String)
    @ Base ./error.jl:35
  [2] compilecache(pkg::Base.PkgId, path::String, internal_stderr::IO, internal_stdout::IO, keep_loaded_modules::Bool)
    @ Base ./loading.jl:1707
  [3] compilecache
    @ ./loading.jl:1651 [inlined]
  [4] _require(pkg::Base.PkgId)
    @ Base ./loading.jl:1337
  [5] _require_prelocked(uuidkey::Base.PkgId)
    @ Base ./loading.jl:1200
  [6] macro expansion
    @ ./loading.jl:1180 [inlined]
  [7] macro expansion
    @ ./lock.jl:223 [inlined]
  [8] require(into::Module, mod::Symbol)
    @ Base ./loading.jl:1144
  [9] include(fname::String)
    @ Base.MainInclude ./client.jl:476
 [10] top-level scope
    @ none:5
in expression starting at /Users/dansprague/Documents/CRFer.jl/deps/build.jl:1
